# JRE version: OpenJDK Runtime Environment (8.0_242-b01) (build 1.8.0_242-release-1644-b01)
# Java VM: OpenJDK 64-Bit Server VM (25.242-b01 mixed mode windows-amd64 compressed oops)
Heap:
 PSYoungGen      total 438784K, used 210604K [0x00000000d5580000, 0x00000000f6980000, 0x0000000100000000)
  eden space 393216K, 47% used [0x00000000d5580000,0x00000000e0d03220,0x00000000ed580000)
  from space 45568K, 53% used [0x00000000ed580000,0x00000000eed55538,0x00000000f0200000)
  to   space 44544K, 0% used [0x00000000f3e00000,0x00000000f3e00000,0x00000000f6980000)
 ParOldGen       total 157696K, used 91113K [0x0000000080000000, 0x0000000089a00000, 0x00000000d5580000)
  object space 157696K, 57% used [0x0000000080000000,0x00000000858fa750,0x0000000089a00000)
 Metaspace       used 98983K, capacity 107276K, committed 107368K, reserved 1142784K
  class space    used 12788K, capacity 14152K, committed 14224K, reserved 1048576K
GC Heap History (10 events):
Event: 4757.131 GC heap before
{Heap before GC invocations=49 (full 4):
 PSYoungGen      total 334336K, used 323199K [0x00000000d5580000, 0x00000000ec500000, 0x0000000100000000)
  eden space 297984K, 100% used [0x00000000d5580000,0x00000000e7880000,0x00000000e7880000)
  from space 36352K, 69% used [0x00000000e9d80000,0x00000000eb61fc80,0x00000000ec100000)
  to   space 37888K, 0% used [0x00000000e7880000,0x00000000e7880000,0x00000000e9d80000)
 ParOldGen       total 157696K, used 72102K [0x0000000080000000, 0x0000000089a00000, 0x00000000d5580000)
  object space 157696K, 45% used [0x0000000080000000,0x0000000084669bf8,0x0000000089a00000)
 Metaspace       used 98856K, capacity 107074K, committed 107368K, reserved 1142784K
  class space    used 12787K, capacity 14151K, committed 14224K, reserved 1048576K
Event: 4757.171 GC heap after
Heap after GC invocations=49 (full 4):
 PSYoungGen      total 335872K, used 30388K [0x00000000d5580000, 0x00000000ef380000, 0x0000000100000000)
  eden space 297984K, 0% used [0x00000000d5580000,0x00000000d5580000,0x00000000e7880000)
  from space 37888K, 80% used [0x00000000e7880000,0x00000000e962d130,0x00000000e9d80000)
  to   space 40960K, 0% used [0x00000000ecb80000,0x00000000ecb80000,0x00000000ef380000)
 ParOldGen       total 157696K, used 72158K [0x0000000080000000, 0x0000000089a00000, 0x00000000d5580000)
  object space 157696K, 45% used [0x0000000080000000,0x0000000084677bf8,0x0000000089a00000)
 Metaspace       used 98856K, capacity 107074K, committed 107368K, reserved 1142784K
  class space    used 12787K, capacity 14151K, committed 14224K, reserved 1048576K
}
Event: 4757.732 GC heap before
{Heap before GC invocations=50 (full 4):
 PSYoungGen      total 335872K, used 328372K [0x00000000d5580000, 0x00000000ef380000, 0x0000000100000000)
  eden space 297984K, 100% used [0x00000000d5580000,0x00000000e7880000,0x00000000e7880000)
  from space 37888K, 80% used [0x00000000e7880000,0x00000000e962d130,0x00000000e9d80000)
  to   space 40960K, 0% used [0x00000000ecb80000,0x00000000ecb80000,0x00000000ef380000)
 ParOldGen       total 157696K, used 72158K [0x0000000080000000, 0x0000000089a00000, 0x00000000d5580000)
  object space 157696K, 45% used [0x0000000080000000,0x0000000084677bf8,0x0000000089a00000)
 Metaspace       used 98882K, capacity 107074K, committed 107368K, reserved 1142784K
  class space    used 12787K, capacity 14151K, committed 14224K, reserved 1048576K
Event: 4757.762 GC heap after
Heap after GC invocations=50 (full 4):
 PSYoungGen      total 379392K, used 32447K [0x00000000d5580000, 0x00000000efb80000, 0x0000000100000000)
  eden space 338432K, 0% used [0x00000000d5580000,0x00000000d5580000,0x00000000ea000000)
  from space 40960K, 79% used [0x00000000ecb80000,0x00000000eeb2fc30,0x00000000ef380000)
  to   space 44544K, 0% used [0x00000000ea000000,0x00000000ea000000,0x00000000ecb80000)
 ParOldGen       total 157696K, used 72222K [0x0000000080000000, 0x0000000089a00000, 0x00000000d5580000)
  object space 157696K, 45% used [0x0000000080000000,0x0000000084687bf8,0x0000000089a00000)
 Metaspace       used 98882K, capacity 107074K, committed 107368K, reserved 1142784K
  class space    used 12787K, capacity 14151K, committed 14224K, reserved 1048576K
}
Event: 4759.291 GC heap before
{Heap before GC invocations=51 (full 4):
 PSYoungGen      total 379392K, used 370879K [0x00000000d5580000, 0x00000000efb80000, 0x0000000100000000)
  eden space 338432K, 100% used [0x00000000d5580000,0x00000000ea000000,0x00000000ea000000)
  from space 40960K, 79% used [0x00000000ecb80000,0x00000000eeb2fc30,0x00000000ef380000)
  to   space 44544K, 0% used [0x00000000ea000000,0x00000000ea000000,0x00000000ecb80000)
 ParOldGen       total 157696K, used 72222K [0x0000000080000000, 0x0000000089a00000, 0x00000000d5580000)
  object space 157696K, 45% used [0x0000000080000000,0x0000000084687bf8,0x0000000089a00000)
 Metaspace       used 98915K, capacity 107210K, committed 107368K, reserved 1142784K
  class space    used 12787K, capacity 14151K, committed 14224K, reserved 1048576K
Event: 4759.392 GC heap after
Heap after GC invocations=51 (full 4):
 PSYoungGen      total 382976K, used 33796K [0x00000000d5580000, 0x00000000f3080000, 0x0000000100000000)
  eden space 338432K, 0% used [0x00000000d5580000,0x00000000d5580000,0x00000000ea000000)
  from space 44544K, 75% used [0x00000000ea000000,0x00000000ec101280,0x00000000ecb80000)
  to   space 47616K, 0% used [0x00000000f0200000,0x00000000f0200000,0x00000000f3080000)
 ParOldGen       total 157696K, used 76669K [0x0000000080000000, 0x0000000089a00000, 0x00000000d5580000)
  object space 157696K, 48% used [0x0000000080000000,0x0000000084adf578,0x0000000089a00000)
 Metaspace       used 98915K, capacity 107210K, committed 107368K, reserved 1142784K
  class space    used 12787K, capacity 14151K, committed 14224K, reserved 1048576K
}
Event: 4760.428 GC heap before
{Heap before GC invocations=52 (full 4):
 PSYoungGen      total 382976K, used 372228K [0x00000000d5580000, 0x00000000f3080000, 0x0000000100000000)
  eden space 338432K, 100% used [0x00000000d5580000,0x00000000ea000000,0x00000000ea000000)
  from space 44544K, 75% used [0x00000000ea000000,0x00000000ec101280,0x00000000ecb80000)
  to   space 47616K, 0% used [0x00000000f0200000,0x00000000f0200000,0x00000000f3080000)
 ParOldGen       total 157696K, used 76669K [0x0000000080000000, 0x0000000089a00000, 0x00000000d5580000)
  object space 157696K, 48% used [0x0000000080000000,0x0000000084adf578,0x0000000089a00000)
 Metaspace       used 98924K, capacity 107210K, committed 107368K, reserved 1142784K
  class space    used 12787K, capacity 14151K, committed 14224K, reserved 1048576K
Event: 4760.545 GC heap after
Heap after GC invocations=52 (full 4):
 PSYoungGen      total 440320K, used 22868K [0x00000000d5580000, 0x00000000f3000000, 0x0000000100000000)
  eden space 393216K, 0% used [0x00000000d5580000,0x00000000d5580000,0x00000000ed580000)
  from space 47104K, 48% used [0x00000000f0200000,0x00000000f1855240,0x00000000f3000000)
  to   space 45568K, 0% used [0x00000000ed580000,0x00000000ed580000,0x00000000f0200000)
 ParOldGen       total 157696K, used 89801K [0x0000000080000000, 0x0000000089a00000, 0x00000000d5580000)
  object space 157696K, 56% used [0x0000000080000000,0x00000000857b2750,0x0000000089a00000)
 Metaspace       used 98924K, capacity 107210K, committed 107368K, reserved 1142784K
  class space    used 12787K, capacity 14151K, committed 14224K, reserved 1048576K
}
Event: 4762.890 GC heap before
{Heap before GC invocations=53 (full 4):
 PSYoungGen      total 440320K, used 416084K [0x00000000d5580000, 0x00000000f3000000, 0x0000000100000000)
  eden space 393216K, 100% used [0x00000000d5580000,0x00000000ed580000,0x00000000ed580000)
  from space 47104K, 48% used [0x00000000f0200000,0x00000000f1855240,0x00000000f3000000)
  to   space 45568K, 0% used [0x00000000ed580000,0x00000000ed580000,0x00000000f0200000)
 ParOldGen       total 157696K, used 89801K [0x0000000080000000, 0x0000000089a00000, 0x00000000d5580000)
  object space 157696K, 56% used [0x0000000080000000,0x00000000857b2750,0x0000000089a00000)
 Metaspace       used 98958K, capacity 107210K, committed 107368K, reserved 1142784K
  class space    used 12787K, capacity 14151K, committed 14224K, reserved 1048576K
Event: 4763.047 GC heap after
Heap after GC invocations=53 (full 4):
 PSYoungGen      total 438784K, used 24405K [0x00000000d5580000, 0x00000000f6980000, 0x0000000100000000)
  eden space 393216K, 0% used [0x00000000d5580000,0x00000000d5580000,0x00000000ed580000)
  from space 45568K, 53% used [0x00000000ed580000,0x00000000eed55538,0x00000000f0200000)
  to   space 44544K, 0% used [0x00000000f3e00000,0x00000000f3e00000,0x00000000f6980000)
 ParOldGen       total 157696K, used 91113K [0x0000000080000000, 0x0000000089a00000, 0x00000000d5580000)
  object space 157696K, 57% used [0x0000000080000000,0x00000000858fa750,0x0000000089a00000)
 Metaspace       used 98958K, capacity 107210K, committed 107368K, reserved 1142784K
  class space    used 12787K, capacity 14151K, committed 14224K, reserved 1048576K
}

